<?xml version="1.0" encoding="UTF-8"?>
<!-- Generated by org.testng.reporters.JUnitXMLReporter -->
<testsuite ignored="19" hostname="DESKTOP-P4EV10B" failures="0" tests="1" name="Default test" time="12.718" errors="0" timestamp="2023-02-14T08:58:40 IST">
  <testcase classname="com.test.HomePageLayerTestcases" name="@BeforeClass setUp" time="12.177">
    <failure type="org.openqa.selenium.remote.UnreachableBrowserException" message="Error communicating with the remote browser. It may have died.
Build info: version: &amp;apos;4.7.2&amp;apos;, revision: &amp;apos;4d4020c3b7&amp;apos;
System info: os.name: &amp;apos;Windows 10&amp;apos;, os.arch: &amp;apos;amd64&amp;apos;, os.version: &amp;apos;10.0&amp;apos;, java.version: &amp;apos;19.0.1&amp;apos;
Driver info: org.openqa.selenium.chrome.ChromeDriver
Command: [4e1d566a2bdd6c91a4f2b1b9ecd7f36d, get {url=https://demoblaze.com/index.html}]
Capabilities {acceptInsecureCerts: false, browserName: chrome, browserVersion: 109.0.5414.120, chrome: {chromedriverVersion: 109.0.5414.74 (e7c5703604da..., userDataDir: C:\Users\User\AppData\Local...}, goog:chromeOptions: {debuggerAddress: localhost:63400}, networkConnectionEnabled: false, pageLoadStrategy: normal, platformName: WINDOWS, proxy: Proxy(), se:cdp: ws://localhost:63400/devtoo..., se:cdpVersion: 109.0.5414.120, setWindowRect: true, strictFileInteractability: false, timeouts: {implicit: 0, pageLoad: 300000, script: 30000}, unhandledPromptBehavior: dismiss and notify, webauthn:extension:credBlob: true, webauthn:extension:largeBlob: true, webauthn:virtualAuthenticators: true}
Session ID: 4e1d566a2bdd6c91a4f2b1b9ecd7f36d">
      <![CDATA[org.openqa.selenium.remote.UnreachableBrowserException: Error communicating with the remote browser. It may have died.
Build info: version: '4.7.2', revision: '4d4020c3b7'
System info: os.name: 'Windows 10', os.arch: 'amd64', os.version: '10.0', java.version: '19.0.1'
Driver info: org.openqa.selenium.chrome.ChromeDriver
Command: [4e1d566a2bdd6c91a4f2b1b9ecd7f36d, get {url=https://demoblaze.com/index.html}]
Capabilities {acceptInsecureCerts: false, browserName: chrome, browserVersion: 109.0.5414.120, chrome: {chromedriverVersion: 109.0.5414.74 (e7c5703604da..., userDataDir: C:\Users\User\AppData\Local...}, goog:chromeOptions: {debuggerAddress: localhost:63400}, networkConnectionEnabled: false, pageLoadStrategy: normal, platformName: WINDOWS, proxy: Proxy(), se:cdp: ws://localhost:63400/devtoo..., se:cdpVersion: 109.0.5414.120, setWindowRect: true, strictFileInteractability: false, timeouts: {implicit: 0, pageLoad: 300000, script: 30000}, unhandledPromptBehavior: dismiss and notify, webauthn:extension:credBlob: true, webauthn:extension:largeBlob: true, webauthn:virtualAuthenticators: true}
Session ID: 4e1d566a2bdd6c91a4f2b1b9ecd7f36d
at org.openqa.selenium.remote.RemoteWebDriver.execute(RemoteWebDriver.java:559)
at org.openqa.selenium.remote.RemoteWebDriver.get(RemoteWebDriver.java:296)
at com.base.TestBase.initialization(TestBase.java:44)
at com.test.HomePageLayerTestcases.setUp(HomePageLayerTestcases.java:40)
at java.base/jdk.internal.reflect.DirectMethodHandleAccessor.invoke(DirectMethodHandleAccessor.java:104)
at java.base/java.lang.reflect.Method.invoke(Method.java:578)
at org.testng.internal.invokers.MethodInvocationHelper.invokeMethod(MethodInvocationHelper.java:139)
at org.testng.internal.invokers.MethodInvocationHelper.invokeMethodConsideringTimeout(MethodInvocationHelper.java:69)
at org.testng.internal.invokers.ConfigInvoker.invokeConfigurationMethod(ConfigInvoker.java:361)
at org.testng.internal.invokers.ConfigInvoker.invokeConfigurations(ConfigInvoker.java:296)
at org.testng.internal.invokers.TestMethodWorker.invokeBeforeClassMethods(TestMethodWorker.java:180)
at org.testng.internal.invokers.TestMethodWorker.run(TestMethodWorker.java:122)
at java.base/java.util.ArrayList.forEach(ArrayList.java:1511)
at org.testng.TestRunner.privateRun(TestRunner.java:829)
at org.testng.TestRunner.run(TestRunner.java:602)
at org.testng.SuiteRunner.runTest(SuiteRunner.java:437)
at org.testng.SuiteRunner.runSequentially(SuiteRunner.java:431)
at org.testng.SuiteRunner.privateRun(SuiteRunner.java:391)
at org.testng.SuiteRunner.run(SuiteRunner.java:330)
at org.testng.SuiteRunnerWorker.runSuite(SuiteRunnerWorker.java:52)
at org.testng.SuiteRunnerWorker.run(SuiteRunnerWorker.java:95)
at org.testng.TestNG.runSuitesSequentially(TestNG.java:1256)
at org.testng.TestNG.runSuitesLocally(TestNG.java:1176)
at org.testng.TestNG.runSuites(TestNG.java:1099)
at org.testng.TestNG.run(TestNG.java:1067)
at org.testng.remote.AbstractRemoteTestNG.run(AbstractRemoteTestNG.java:115)
at org.testng.remote.RemoteTestNG.initAndRun(RemoteTestNG.java:251)
at org.testng.remote.RemoteTestNG.main(RemoteTestNG.java:77)
Caused by: java.io.UncheckedIOException: java.net.SocketException: Connection reset
at org.openqa.selenium.remote.http.netty.NettyHttpHandler.makeCall(NettyHttpHandler.java:73)
at org.openqa.selenium.remote.http.AddSeleniumUserAgent.lambda$apply$0(AddSeleniumUserAgent.java:42)
at org.openqa.selenium.remote.http.Filter.lambda$andFinally$1(Filter.java:56)
at org.openqa.selenium.remote.http.netty.NettyHttpHandler.execute(NettyHttpHandler.java:49)
at org.openqa.selenium.remote.http.AddSeleniumUserAgent.lambda$apply$0(AddSeleniumUserAgent.java:42)
at org.openqa.selenium.remote.http.Filter.lambda$andFinally$1(Filter.java:56)
at org.openqa.selenium.remote.http.netty.NettyClient.execute(NettyClient.java:99)
at org.openqa.selenium.remote.HttpCommandExecutor.execute(HttpCommandExecutor.java:181)
at org.openqa.selenium.remote.service.DriverCommandExecutor.invokeExecute(DriverCommandExecutor.java:167)
at org.openqa.selenium.remote.service.DriverCommandExecutor.execute(DriverCommandExecutor.java:142)
at org.openqa.selenium.remote.RemoteWebDriver.execute(RemoteWebDriver.java:535)
... 27 more
Caused by: java.net.SocketException: Connection reset
at java.base/sun.nio.ch.SocketChannelImpl.throwConnectionReset(SocketChannelImpl.java:401)
at java.base/sun.nio.ch.SocketChannelImpl.read(SocketChannelImpl.java:434)
at io.netty.buffer.PooledByteBuf.setBytes(PooledByteBuf.java:259)
at io.netty.buffer.AbstractByteBuf.writeBytes(AbstractByteBuf.java:1132)
at io.netty.channel.socket.nio.NioSocketChannel.doReadBytes(NioSocketChannel.java:357)
at io.netty.channel.nio.AbstractNioByteChannel$NioByteUnsafe.read(AbstractNioByteChannel.java:151)
at io.netty.channel.nio.NioEventLoop.processSelectedKey(NioEventLoop.java:788)
at io.netty.channel.nio.NioEventLoop.processSelectedKeysOptimized(NioEventLoop.java:724)
at io.netty.channel.nio.NioEventLoop.processSelectedKeys(NioEventLoop.java:650)
at io.netty.channel.nio.NioEventLoop.run(NioEventLoop.java:562)
at io.netty.util.concurrent.SingleThreadEventExecutor$4.run(SingleThreadEventExecutor.java:997)
at io.netty.util.internal.ThreadExecutorMap$2.run(ThreadExecutorMap.java:74)
at io.netty.util.concurrent.FastThreadLocalRunnable.run(FastThreadLocalRunnable.java:30)
at java.base/java.lang.Thread.run(Thread.java:1589)
]]>
    </failure>
  </testcase> <!-- @BeforeClass setUp -->
  <testcase classname="com.test.HomePageLayerTestcases" name="@AfterMethod tearDown" time="0.0">
    <skipped/>
  </testcase> <!-- @AfterMethod tearDown -->
  <testcase classname="com.test.HomePageLayerTestcases" name="@AfterClass endReport" time="0.0">
    <skipped/>
  </testcase> <!-- @AfterClass endReport -->
  <testcase classname="com.test.HomePageLayerTestcases" name="SignUpButtonValid" time="0.0">
    <skipped/>
  </testcase> <!-- SignUpButtonValid -->
  <testcase classname="com.test.HomePageLayerTestcases" name="ClickOnProduct" time="0.0">
    <ignored/>
  </testcase> <!-- ClickOnProduct -->
  <testcase classname="com.test.HomePageLayerTestcases" name="clickOnPhone" time="0.0">
    <ignored/>
  </testcase> <!-- clickOnPhone -->
  <testcase classname="com.test.HomePageLayerTestcases" name="SignUpWithBlankSpace" time="0.0">
    <ignored/>
  </testcase> <!-- SignUpWithBlankSpace -->
  <testcase classname="com.test.HomePageLayerTestcases" name="clickOnAboutus" time="0.0">
    <ignored/>
  </testcase> <!-- clickOnAboutus -->
  <testcase classname="com.test.HomePageLayerTestcases" name="ClickOnLogInButtonInvalid" time="0.0">
    <ignored/>
  </testcase> <!-- ClickOnLogInButtonInvalid -->
  <testcase classname="com.test.HomePageLayerTestcases" name="ClickOnLogInButtonBlank" time="0.0">
    <ignored/>
  </testcase> <!-- ClickOnLogInButtonBlank -->
  <testcase classname="com.test.HomePageLayerTestcases" name="PlaceOrderFields" time="0.0">
    <ignored/>
  </testcase> <!-- PlaceOrderFields -->
  <testcase classname="com.test.HomePageLayerTestcases" name="EmailAddressPresent" time="0.0">
    <ignored/>
  </testcase> <!-- EmailAddressPresent -->
  <testcase classname="com.test.HomePageLayerTestcases" name="clickOnHome" time="0.0">
    <ignored/>
  </testcase> <!-- clickOnHome -->
  <testcase classname="com.test.HomePageLayerTestcases" name="clickOnMonitor" time="0.0">
    <ignored/>
  </testcase> <!-- clickOnMonitor -->
  <testcase classname="com.test.HomePageLayerTestcases" name="AddProduct" time="0.0">
    <ignored/>
  </testcase> <!-- AddProduct -->
  <testcase classname="com.test.HomePageLayerTestcases" name="SignUpWithUsername" time="0.0">
    <ignored/>
  </testcase> <!-- SignUpWithUsername -->
  <testcase classname="com.test.HomePageLayerTestcases" name="SignUpWithPassword" time="0.0">
    <ignored/>
  </testcase> <!-- SignUpWithPassword -->
  <testcase classname="com.test.HomePageLayerTestcases" name="ClickOnLogInButtonInvalidCases" time="0.0">
    <ignored/>
  </testcase> <!-- ClickOnLogInButtonInvalidCases -->
  <testcase classname="com.test.HomePageLayerTestcases" name="PlaceOrderPresent" time="0.0">
    <ignored/>
  </testcase> <!-- PlaceOrderPresent -->
  <testcase classname="com.test.HomePageLayerTestcases" name="clickOnContactButton" time="0.0">
    <ignored/>
  </testcase> <!-- clickOnContactButton -->
  <testcase classname="com.test.HomePageLayerTestcases" name="clickOnLaptop" time="0.0">
    <ignored/>
  </testcase> <!-- clickOnLaptop -->
  <testcase classname="com.test.HomePageLayerTestcases" name="SignUpButtonexisting" time="0.0">
    <ignored/>
  </testcase> <!-- SignUpButtonexisting -->
  <testcase classname="com.test.HomePageLayerTestcases" name="clickToCart" time="0.0">
    <ignored/>
  </testcase> <!-- clickToCart -->
</testsuite> <!-- Default test -->
