<?xml version="1.0" encoding="UTF-8"?>
<!-- Generated by org.testng.reporters.JUnitXMLReporter -->
<testsuite ignored="0" hostname="DESKTOP-P4EV10B" failures="1" tests="20" name="Test" time="205.276" errors="0" timestamp="2023-02-14T12:02:38 IST">
  <testcase classname="com.test.HomePageLayerTestcases" name="clickOnAboutus" time="4.416"/>
  <testcase classname="com.test.HomePageLayerTestcases" name="clickOnContactButton" time="7.796"/>
  <testcase classname="com.test.HomePageLayerTestcases" name="clickOnLaptop" time="2.209"/>
  <testcase classname="com.test.HomePageLayerTestcases" name="clickOnMonitor" time="4.255"/>
  <testcase classname="com.test.HomePageLayerTestcases" name="clickOnPhone" time="4.25">
    <failure type="java.lang.AssertionError" message="expected [true] but found [false]">
      <![CDATA[java.lang.AssertionError: expected [true] but found [false]
at com.test.HomePageLayerTestcases.clickOnPhone(HomePageLayerTestcases.java:83)
at java.base/java.util.ArrayList.forEach(ArrayList.java:1511)
... Removed 29 stack frames]]>
    </failure>
  </testcase> <!-- clickOnPhone -->
  <testcase classname="com.test.HomePageLayerTestcases" name="clickToCart" time="6.563"/>
  <testcase classname="com.test.HomePageLayerTestcases" name="clickOnHome" time="5.105"/>
  <testcase classname="com.test.HomePageLayerTestcases" name="PlaceOrderPresent" time="6.369"/>
  <testcase classname="com.test.HomePageLayerTestcases" name="EmailAddressPresent" time="3.04"/>
  <testcase classname="com.test.HomePageLayerTestcases" name="PlaceOrderFields" time="8.302"/>
  <testcase classname="com.test.HomePageLayerTestcases" name="SignUpButtonValid" time="8.54"/>
  <testcase classname="com.test.HomePageLayerTestcases" name="SignUpButtonexisting" time="13.154"/>
  <testcase classname="com.test.HomePageLayerTestcases" name="SignUpWithUsername" time="8.918"/>
  <testcase classname="com.test.HomePageLayerTestcases" name="SignUpWithPassword" time="8.985"/>
  <testcase classname="com.test.HomePageLayerTestcases" name="SignUpWithBlankSpace" time="11.21"/>
  <testcase classname="com.test.HomePageLayerTestcases" name="ClickOnLogInButtonInvalid" time="15.07"/>
  <testcase classname="com.test.HomePageLayerTestcases" name="ClickOnLogInButtonInvalidCases" time="16.044"/>
  <testcase classname="com.test.HomePageLayerTestcases" name="ClickOnLogInButtonBlank" time="15.759"/>
  <testcase classname="com.test.HomePageLayerTestcases" name="ClickOnProduct" time="9.066"/>
  <testcase classname="com.test.HomePageLayerTestcases" name="AddProduct" time="12.261"/>
</testsuite> <!-- Test -->
