<?xml version="1.0" encoding="UTF-8"?>
<!-- Generated by org.testng.reporters.JUnitXMLReporter -->
<testsuite ignored="5" hostname="DESKTOP-R8SHTIK" failures="4" tests="21" name="AshlyTest" time="77.253" errors="0" timestamp="2023-02-14T19:15:26 IST">
  <testcase classname="com.test.DBTestCases" name="verifyTitle" time="0.033"/>
  <testcase classname="com.test.DBTestCases" name="verifyLogo" time="0.383"/>
  <testcase classname="com.test.DBTestCases" name="checkAboutUsAccess" time="1.324">
    <failure type="java.lang.AssertionError" message="About us page is not as expected - Assert Failed expected [About us] but found []">
      <![CDATA[java.lang.AssertionError: About us page is not as expected - Assert Failed expected [About us] but found []
at com.test.DBTestCases.checkAboutUsAccess(DBTestCases.java:54)
at java.base/java.util.ArrayList.forEach(ArrayList.java:1511)
... Removed 32 stack frames]]>
    </failure>
  </testcase> <!-- checkAboutUsAccess -->
  <testcase classname="com.test.DBTestCases" name="checkVideoPlayAboutUs" time="0.674"/>
  <testcase classname="com.test.DBTestCases" name="checkVideoPauseAboutUs" time="0.188"/>
  <testcase classname="com.test.DBTestCases" name="checkVideoFullscreenAboutUs" time="0.703"/>
  <testcase classname="com.test.DBTestCases" name="checkVideoCloseAboutUs" time="1.748"/>
  <testcase classname="com.test.DBTestCases" name="checkContactAccess" time="1.411"/>
  <testcase classname="com.test.DBTestCases" name="checkContactMsgWthValidData" time="3.655"/>
  <testcase classname="com.test.DBTestCases" name="checkContactMsgWthInValidData" time="10.57">
    <failure type="org.openqa.selenium.TimeoutException" message="Expected condition failed: waiting for element to be clickable: [[ChromeDriver: chrome on WINDOWS (4962d6e97e9563786ee07da26abe92f1)] -&amp;gt; id: recipient-email] (tried for 10 second(s) with 500 milliseconds interval)
Build info: version: &amp;apos;4.7.2&amp;apos;, revision: &amp;apos;4d4020c3b7&amp;apos;
System info: os.name: &amp;apos;Windows 10&amp;apos;, os.arch: &amp;apos;amd64&amp;apos;, os.version: &amp;apos;10.0&amp;apos;, java.version: &amp;apos;17.0.5&amp;apos;
Driver info: org.openqa.selenium.chrome.ChromeDriver
Capabilities {acceptInsecureCerts: false, browserName: chrome, browserVersion: 109.0.5414.122, chrome: {chromedriverVersion: 109.0.5414.74 (e7c5703604da..., userDataDir: C:\Users\Lenovo\AppData\Loc...}, goog:chromeOptions: {debuggerAddress: localhost:61349}, networkConnectionEnabled: false, pageLoadStrategy: normal, platformName: WINDOWS, proxy: Proxy(), se:cdp: ws://localhost:61349/devtoo..., se:cdpVersion: 109.0.5414.122, setWindowRect: true, strictFileInteractability: false, timeouts: {implicit: 0, pageLoad: 300000, script: 30000}, unhandledPromptBehavior: dismiss and notify, webauthn:extension:credBlob: true, webauthn:extension:largeBlob: true, webauthn:virtualAuthenticators: true}
Session ID: 4962d6e97e9563786ee07da26abe92f1">
      <![CDATA[org.openqa.selenium.TimeoutException: Expected condition failed: waiting for element to be clickable: [[ChromeDriver: chrome on WINDOWS (4962d6e97e9563786ee07da26abe92f1)] -> id: recipient-email] (tried for 10 second(s) with 500 milliseconds interval)
Build info: version: '4.7.2', revision: '4d4020c3b7'
System info: os.name: 'Windows 10', os.arch: 'amd64', os.version: '10.0', java.version: '17.0.5'
Driver info: org.openqa.selenium.chrome.ChromeDriver
Capabilities {acceptInsecureCerts: false, browserName: chrome, browserVersion: 109.0.5414.122, chrome: {chromedriverVersion: 109.0.5414.74 (e7c5703604da..., userDataDir: C:\Users\Lenovo\AppData\Loc...}, goog:chromeOptions: {debuggerAddress: localhost:61349}, networkConnectionEnabled: false, pageLoadStrategy: normal, platformName: WINDOWS, proxy: Proxy(), se:cdp: ws://localhost:61349/devtoo..., se:cdpVersion: 109.0.5414.122, setWindowRect: true, strictFileInteractability: false, timeouts: {implicit: 0, pageLoad: 300000, script: 30000}, unhandledPromptBehavior: dismiss and notify, webauthn:extension:credBlob: true, webauthn:extension:largeBlob: true, webauthn:virtualAuthenticators: true}
Session ID: 4962d6e97e9563786ee07da26abe92f1
at org.openqa.selenium.support.ui.WebDriverWait.timeoutException(WebDriverWait.java:87)
at org.openqa.selenium.support.ui.FluentWait.until(FluentWait.java:231)
at com.wrapper.Wrapper.waitForElement(Wrapper.java:90)
at com.page.HomePage.contactMsgEnterMail(HomePage.java:72)
at com.test.DBTestCases.checkContactMsgWthInValidData(DBTestCases.java:95)
at java.base/java.util.ArrayList.forEach(ArrayList.java:1511)
... Removed 27 stack frames]]>
    </failure>
  </testcase> <!-- checkContactMsgWthInValidData -->
  <testcase classname="com.test.SignUpTestCases" name="verifySignUpAccess" time="1.222"/>
  <testcase classname="com.test.SignUpTestCases" name="verifyValidSignUp" time="12.922">
    <failure type="org.openqa.selenium.TimeoutException" message="Expected condition failed: waiting for element to be clickable: [[ChromeDriver: chrome on WINDOWS (4962d6e97e9563786ee07da26abe92f1)] -&amp;gt; xpath: (//*[text()=&amp;apos;Close&amp;apos;])[2]] (tried for 10 second(s) with 500 milliseconds interval)
Build info: version: &amp;apos;4.7.2&amp;apos;, revision: &amp;apos;4d4020c3b7&amp;apos;
System info: os.name: &amp;apos;Windows 10&amp;apos;, os.arch: &amp;apos;amd64&amp;apos;, os.version: &amp;apos;10.0&amp;apos;, java.version: &amp;apos;17.0.5&amp;apos;
Driver info: org.openqa.selenium.chrome.ChromeDriver
Capabilities {acceptInsecureCerts: false, browserName: chrome, browserVersion: 109.0.5414.122, chrome: {chromedriverVersion: 109.0.5414.74 (e7c5703604da..., userDataDir: C:\Users\Lenovo\AppData\Loc...}, goog:chromeOptions: {debuggerAddress: localhost:61349}, networkConnectionEnabled: false, pageLoadStrategy: normal, platformName: WINDOWS, proxy: Proxy(), se:cdp: ws://localhost:61349/devtoo..., se:cdpVersion: 109.0.5414.122, setWindowRect: true, strictFileInteractability: false, timeouts: {implicit: 0, pageLoad: 300000, script: 30000}, unhandledPromptBehavior: dismiss and notify, webauthn:extension:credBlob: true, webauthn:extension:largeBlob: true, webauthn:virtualAuthenticators: true}
Session ID: 4962d6e97e9563786ee07da26abe92f1">
      <![CDATA[org.openqa.selenium.TimeoutException: Expected condition failed: waiting for element to be clickable: [[ChromeDriver: chrome on WINDOWS (4962d6e97e9563786ee07da26abe92f1)] -> xpath: (//*[text()='Close'])[2]] (tried for 10 second(s) with 500 milliseconds interval)
Build info: version: '4.7.2', revision: '4d4020c3b7'
System info: os.name: 'Windows 10', os.arch: 'amd64', os.version: '10.0', java.version: '17.0.5'
Driver info: org.openqa.selenium.chrome.ChromeDriver
Capabilities {acceptInsecureCerts: false, browserName: chrome, browserVersion: 109.0.5414.122, chrome: {chromedriverVersion: 109.0.5414.74 (e7c5703604da..., userDataDir: C:\Users\Lenovo\AppData\Loc...}, goog:chromeOptions: {debuggerAddress: localhost:61349}, networkConnectionEnabled: false, pageLoadStrategy: normal, platformName: WINDOWS, proxy: Proxy(), se:cdp: ws://localhost:61349/devtoo..., se:cdpVersion: 109.0.5414.122, setWindowRect: true, strictFileInteractability: false, timeouts: {implicit: 0, pageLoad: 300000, script: 30000}, unhandledPromptBehavior: dismiss and notify, webauthn:extension:credBlob: true, webauthn:extension:largeBlob: true, webauthn:virtualAuthenticators: true}
Session ID: 4962d6e97e9563786ee07da26abe92f1
at org.openqa.selenium.support.ui.WebDriverWait.timeoutException(WebDriverWait.java:87)
at org.openqa.selenium.support.ui.FluentWait.until(FluentWait.java:231)
at com.wrapper.Wrapper.waitForElement(Wrapper.java:90)
at com.page.SignUpPage.clickSignUpCloseButton(SignUpPage.java:44)
at com.test.SignUpTestCases.verifyValidSignUp(SignUpTestCases.java:69)
at java.base/java.util.ArrayList.forEach(ArrayList.java:1511)
... Removed 27 stack frames]]>
    </failure>
  </testcase> <!-- verifyValidSignUp -->
  <testcase classname="com.test.LogInTestCases" name="clickOnLoginButton" time="2.37"/>
  <testcase classname="com.test.LogInTestCases" name="userNameVerification" time="5.811"/>
  <testcase classname="com.test.ProductTestCases" name="verifyProductAccess" time="3.95"/>
  <testcase classname="com.test.ProductTestCases" name="checkAddToCart" time="1.6"/>
  <testcase classname="com.test.CartTestCases" name="verifyCartAccess" time="2.889"/>
  <testcase classname="com.test.CartTestCases" name="verifyAddedProducts" time="0.778"/>
  <testcase classname="com.test.PaymentTestCases" name="verifyPlacingOrder" time="0.852"/>
  <testcase classname="com.test.PaymentTestCases" name="verifyValidCustomer" time="3.516"/>
  <testcase classname="com.test.PaymentTestCases" name="verifyValidCustomerLogout" time="1.459">
    <failure type="org.openqa.selenium.ElementClickInterceptedException" message="element click intercepted: Element &amp;lt;a class=&amp;quot;nav-link&amp;quot; href=&amp;quot;#&amp;quot; style=&amp;quot;display: block;&amp;quot; id=&amp;quot;logout2&amp;quot; onclick=&amp;quot;logOut()&amp;quot;&amp;gt;...&amp;lt;/a&amp;gt; is not clickable at point (706, 37). Other element would receive the click: &amp;lt;input type=&amp;quot;text&amp;quot; class=&amp;quot;form-control&amp;quot; id=&amp;quot;country&amp;quot;&amp;gt;
  (Session info: chrome=109.0.5414.122)
Build info: version: &amp;apos;4.7.2&amp;apos;, revision: &amp;apos;4d4020c3b7&amp;apos;
System info: os.name: &amp;apos;Windows 10&amp;apos;, os.arch: &amp;apos;amd64&amp;apos;, os.version: &amp;apos;10.0&amp;apos;, java.version: &amp;apos;17.0.5&amp;apos;
Driver info: org.openqa.selenium.chrome.ChromeDriver
Command: [4962d6e97e9563786ee07da26abe92f1, clickElement {id=97972f70-906b-4b0c-a3c1-d01cb38659dc}]
Capabilities {acceptInsecureCerts: false, browserName: chrome, browserVersion: 109.0.5414.122, chrome: {chromedriverVersion: 109.0.5414.74 (e7c5703604da..., userDataDir: C:\Users\Lenovo\AppData\Loc...}, goog:chromeOptions: {debuggerAddress: localhost:61349}, networkConnectionEnabled: false, pageLoadStrategy: normal, platformName: WINDOWS, proxy: Proxy(), se:cdp: ws://localhost:61349/devtoo..., se:cdpVersion: 109.0.5414.122, setWindowRect: true, strictFileInteractability: false, timeouts: {implicit: 0, pageLoad: 300000, script: 30000}, unhandledPromptBehavior: dismiss and notify, webauthn:extension:credBlob: true, webauthn:extension:largeBlob: true, webauthn:virtualAuthenticators: true}
Element: [[ChromeDriver: chrome on WINDOWS (4962d6e97e9563786ee07da26abe92f1)] -&amp;gt; id: logout2]
Session ID: 4962d6e97e9563786ee07da26abe92f1">
      <![CDATA[org.openqa.selenium.ElementClickInterceptedException: element click intercepted: Element <a class="nav-link" href="#" style="display: block;" id="logout2" onclick="logOut()">...</a> is not clickable at point (706, 37). Other element would receive the click: <input type="text" class="form-control" id="country">
  (Session info: chrome=109.0.5414.122)
Build info: version: '4.7.2', revision: '4d4020c3b7'
System info: os.name: 'Windows 10', os.arch: 'amd64', os.version: '10.0', java.version: '17.0.5'
Driver info: org.openqa.selenium.chrome.ChromeDriver
Command: [4962d6e97e9563786ee07da26abe92f1, clickElement {id=97972f70-906b-4b0c-a3c1-d01cb38659dc}]
Capabilities {acceptInsecureCerts: false, browserName: chrome, browserVersion: 109.0.5414.122, chrome: {chromedriverVersion: 109.0.5414.74 (e7c5703604da..., userDataDir: C:\Users\Lenovo\AppData\Loc...}, goog:chromeOptions: {debuggerAddress: localhost:61349}, networkConnectionEnabled: false, pageLoadStrategy: normal, platformName: WINDOWS, proxy: Proxy(), se:cdp: ws://localhost:61349/devtoo..., se:cdpVersion: 109.0.5414.122, setWindowRect: true, strictFileInteractability: false, timeouts: {implicit: 0, pageLoad: 300000, script: 30000}, unhandledPromptBehavior: dismiss and notify, webauthn:extension:credBlob: true, webauthn:extension:largeBlob: true, webauthn:virtualAuthenticators: true}
Element: [[ChromeDriver: chrome on WINDOWS (4962d6e97e9563786ee07da26abe92f1)] -> id: logout2]
Session ID: 4962d6e97e9563786ee07da26abe92f1
at org.openqa.selenium.remote.codec.w3c.W3CHttpResponseCodec.createException(W3CHttpResponseCodec.java:200)
at org.openqa.selenium.remote.codec.w3c.W3CHttpResponseCodec.decode(W3CHttpResponseCodec.java:133)
at org.openqa.selenium.remote.codec.w3c.W3CHttpResponseCodec.decode(W3CHttpResponseCodec.java:53)
at org.openqa.selenium.remote.HttpCommandExecutor.execute(HttpCommandExecutor.java:184)
at org.openqa.selenium.remote.service.DriverCommandExecutor.invokeExecute(DriverCommandExecutor.java:167)
at org.openqa.selenium.remote.service.DriverCommandExecutor.execute(DriverCommandExecutor.java:142)
at org.openqa.selenium.remote.RemoteWebDriver.execute(RemoteWebDriver.java:535)
at org.openqa.selenium.remote.RemoteWebElement.execute(RemoteWebElement.java:257)
at org.openqa.selenium.remote.RemoteWebElement.click(RemoteWebElement.java:78)
at org.openqa.selenium.support.pagefactory.internal.LocatingElementHandler.invoke(LocatingElementHandler.java:52)
at jdk.proxy2/jdk.proxy2.$Proxy17.click(Unknown Source)
at com.page.PaymentPage.clickLogOutButton(PaymentPage.java:73)
at com.test.PaymentTestCases.verifyValidCustomerLogout(PaymentTestCases.java:46)
at java.base/java.util.ArrayList.forEach(ArrayList.java:1511)
... Removed 35 stack frames]]>
    </failure>
  </testcase> <!-- verifyValidCustomerLogout -->
  <testcase classname="com.test.SignUpTestCases" name="verifySignUpDataWthBlankUname" time="0.0">
    <ignored/>
  </testcase> <!-- verifySignUpDataWthBlankUname -->
  <testcase classname="com.test.SignUpTestCases" name="verifyExistingSignUpData" time="0.0">
    <ignored/>
  </testcase> <!-- verifyExistingSignUpData -->
  <testcase classname="com.test.SignUpTestCases" name="verifySignUpDataWthBlankPasswd" time="0.0">
    <ignored/>
  </testcase> <!-- verifySignUpDataWthBlankPasswd -->
  <testcase classname="com.test.CartTestCases" name="valiadateTotalProductPrice" time="0.0">
    <ignored/>
  </testcase> <!-- valiadateTotalProductPrice -->
  <testcase classname="com.test.CartTestCases" name="verifyDeleteProduct" time="0.0">
    <ignored/>
  </testcase> <!-- verifyDeleteProduct -->
</testsuite> <!-- AshlyTest -->
