<?xml version="1.0" encoding="UTF-8"?>
<!-- Generated by org.testng.reporters.JUnitXMLReporter -->
<testsuite ignored="17" hostname="DESKTOP-180JRP7" failures="1" tests="1" name="Default test" time="19.229" errors="0" timestamp="2023-02-14T19:51:42 IST">
  <testcase classname="com.test.HomePageTestCases" name="placeTheOrderFunctionality" time="10.119">
    <failure type="org.openqa.selenium.TimeoutException" message="Expected condition failed: waiting for element to be clickable: Proxy element for: DefaultElementLocator &amp;apos;By.xpath: //button[@class=&amp;quot;btn btn-success&amp;quot;]&amp;apos; (tried for 10 second(s) with 500 milliseconds interval)">
      <![CDATA[org.openqa.selenium.TimeoutException: Expected condition failed: waiting for element to be clickable: Proxy element for: DefaultElementLocator 'By.xpath: //button[@class="btn btn-success"]' (tried for 10 second(s) with 500 milliseconds interval)
at org.openqa.selenium.support.ui.WebDriverWait.timeoutException(WebDriverWait.java:87)
at org.openqa.selenium.support.ui.FluentWait.until(FluentWait.java:231)
at com.wrapper.Wrapper.waitForElement(Wrapper.java:18)
at com.HomePage.Cart.placeTheOrderFunctionality(Cart.java:42)
at com.test.HomePageTestCases.placeTheOrderFunctionality(HomePageTestCases.java:153)
at java.base/jdk.internal.reflect.NativeMethodAccessorImpl.invoke0(Native Method)
at java.base/jdk.internal.reflect.NativeMethodAccessorImpl.invoke(NativeMethodAccessorImpl.java:77)
at java.base/jdk.internal.reflect.DelegatingMethodAccessorImpl.invoke(DelegatingMethodAccessorImpl.java:43)
at java.base/java.lang.reflect.Method.invoke(Method.java:568)
at org.testng.internal.MethodInvocationHelper.invokeMethod(MethodInvocationHelper.java:133)
at org.testng.internal.TestInvoker.invokeMethod(TestInvoker.java:598)
at org.testng.internal.TestInvoker.invokeTestMethod(TestInvoker.java:173)
at org.testng.internal.MethodRunner.runInSequence(MethodRunner.java:46)
at org.testng.internal.TestInvoker$MethodInvocationAgent.invoke(TestInvoker.java:824)
at org.testng.internal.TestInvoker.invokeTestMethods(TestInvoker.java:146)
at org.testng.internal.TestMethodWorker.invokeTestMethods(TestMethodWorker.java:146)
at org.testng.internal.TestMethodWorker.run(TestMethodWorker.java:128)
at java.base/java.util.ArrayList.forEach(ArrayList.java:1511)
at org.testng.TestRunner.privateRun(TestRunner.java:794)
at org.testng.TestRunner.run(TestRunner.java:596)
at org.testng.SuiteRunner.runTest(SuiteRunner.java:377)
at org.testng.SuiteRunner.runSequentially(SuiteRunner.java:371)
at org.testng.SuiteRunner.privateRun(SuiteRunner.java:332)
at org.testng.SuiteRunner.run(SuiteRunner.java:276)
at org.testng.SuiteRunnerWorker.runSuite(SuiteRunnerWorker.java:53)
at org.testng.SuiteRunnerWorker.run(SuiteRunnerWorker.java:96)
at org.testng.TestNG.runSuitesSequentially(TestNG.java:1212)
at org.testng.TestNG.runSuitesLocally(TestNG.java:1134)
at org.testng.TestNG.runSuites(TestNG.java:1063)
at org.testng.TestNG.run(TestNG.java:1031)
at org.testng.remote.AbstractRemoteTestNG.run(AbstractRemoteTestNG.java:115)
at org.testng.remote.RemoteTestNG.initAndRun(RemoteTestNG.java:251)
at org.testng.remote.RemoteTestNG.main(RemoteTestNG.java:77)
Caused by: org.openqa.selenium.NoSuchElementException: no such element: Unable to locate element: {"method":"xpath","selector":"//button[@class="btn btn-success"]"}
  (Session info: chrome=109.0.5414.120)
For documentation on this error, please visit: https://selenium.dev/exceptions/#no_such_element
Build info: version: '4.7.2', revision: '4d4020c3b7'
System info: os.name: 'Windows 10', os.arch: 'amd64', os.version: '10.0', java.version: '17.0.4.1'
Driver info: org.openqa.selenium.chrome.ChromeDriver
Command: [450094da33a57d0f893e08e15ee9f6ab, findElement {using=xpath, value=//button[@class="btn btn-success"]}]
Capabilities {acceptInsecureCerts: false, browserName: chrome, browserVersion: 109.0.5414.120, chrome: {chromedriverVersion: 109.0.5414.74 (e7c5703604da..., userDataDir: C:\Users\HP\AppData\Local\T...}, goog:chromeOptions: {debuggerAddress: localhost:57077}, networkConnectionEnabled: false, pageLoadStrategy: normal, platformName: WINDOWS, proxy: Proxy(), se:cdp: ws://localhost:57077/devtoo..., se:cdpVersion: 109.0.5414.120, setWindowRect: true, strictFileInteractability: false, timeouts: {implicit: 0, pageLoad: 300000, script: 30000}, unhandledPromptBehavior: dismiss and notify, webauthn:extension:credBlob: true, webauthn:extension:largeBlob: true, webauthn:virtualAuthenticators: true}
Session ID: 450094da33a57d0f893e08e15ee9f6ab
at jdk.internal.reflect.GeneratedConstructorAccessor17.newInstance(Unknown Source)
at java.base/jdk.internal.reflect.DelegatingConstructorAccessorImpl.newInstance(DelegatingConstructorAccessorImpl.java:45)
at java.base/java.lang.reflect.Constructor.newInstanceWithCaller(Constructor.java:499)
at java.base/java.lang.reflect.Constructor.newInstance(Constructor.java:480)
at org.openqa.selenium.remote.codec.w3c.W3CHttpResponseCodec.createException(W3CHttpResponseCodec.java:200)
at org.openqa.selenium.remote.codec.w3c.W3CHttpResponseCodec.decode(W3CHttpResponseCodec.java:133)
at org.openqa.selenium.remote.codec.w3c.W3CHttpResponseCodec.decode(W3CHttpResponseCodec.java:53)
at org.openqa.selenium.remote.HttpCommandExecutor.execute(HttpCommandExecutor.java:184)
at org.openqa.selenium.remote.service.DriverCommandExecutor.invokeExecute(DriverCommandExecutor.java:167)
at org.openqa.selenium.remote.service.DriverCommandExecutor.execute(DriverCommandExecutor.java:142)
at org.openqa.selenium.remote.RemoteWebDriver.execute(RemoteWebDriver.java:535)
at org.openqa.selenium.remote.ElementLocation$ElementFinder$2.findElement(ElementLocation.java:162)
at org.openqa.selenium.remote.ElementLocation.findElement(ElementLocation.java:60)
at org.openqa.selenium.remote.RemoteWebDriver.findElement(RemoteWebDriver.java:351)
at org.openqa.selenium.remote.RemoteWebDriver.findElement(RemoteWebDriver.java:343)
at org.openqa.selenium.support.pagefactory.DefaultElementLocator.findElement(DefaultElementLocator.java:70)
at org.openqa.selenium.support.pagefactory.internal.LocatingElementHandler.invoke(LocatingElementHandler.java:39)
at jdk.proxy2/jdk.proxy2.$Proxy17.isDisplayed(Unknown Source)
at org.openqa.selenium.support.ui.ExpectedConditions.elementIfVisible(ExpectedConditions.java:307)
at org.openqa.selenium.support.ui.ExpectedConditions.access$000(ExpectedConditions.java:40)
at org.openqa.selenium.support.ui.ExpectedConditions$10.apply(ExpectedConditions.java:293)
at org.openqa.selenium.support.ui.ExpectedConditions$10.apply(ExpectedConditions.java:290)
at org.openqa.selenium.support.ui.ExpectedConditions$23.apply(ExpectedConditions.java:660)
at org.openqa.selenium.support.ui.ExpectedConditions$23.apply(ExpectedConditions.java:656)
at org.openqa.selenium.support.ui.FluentWait.until(FluentWait.java:208)
... 31 more
]]>
    </failure>
  </testcase> <!-- placeTheOrderFunctionality -->
  <testcase classname="com.test.HomePageTestCases" name="aboutPageAccess" time="0.0">
    <ignored/>
  </testcase> <!-- aboutPageAccess -->
  <testcase classname="com.test.HomePageTestCases" name="URL" time="0.0">
    <ignored/>
  </testcase> <!-- URL -->
  <testcase classname="com.test.HomePageTestCases" name="selectingTheCatagories" time="0.0">
    <ignored/>
  </testcase> <!-- selectingTheCatagories -->
  <testcase classname="com.test.HomePageTestCases" name="signUp" time="0.0">
    <ignored/>
  </testcase> <!-- signUp -->
  <testcase classname="com.test.HomePageTestCases" name="sampleLogin" time="0.0">
    <ignored/>
  </testcase> <!-- sampleLogin -->
  <testcase classname="com.test.HomePageTestCases" name="sendMessageWithAllDetails" time="0.0">
    <ignored/>
  </testcase> <!-- sendMessageWithAllDetails -->
  <testcase classname="com.test.HomePageTestCases" name="cartFunctionality" time="0.0">
    <ignored/>
  </testcase> <!-- cartFunctionality -->
  <testcase classname="com.test.HomePageTestCases" name="loginWithInvldUserNameAndInvalidPassword" time="0.0">
    <ignored/>
  </testcase> <!-- loginWithInvldUserNameAndInvalidPassword -->
  <testcase classname="com.test.HomePageTestCases" name="loginWithInvldUserNameAndValidPassword" time="0.0">
    <ignored/>
  </testcase> <!-- loginWithInvldUserNameAndValidPassword -->
  <testcase classname="com.test.HomePageTestCases" name="aboutAsVideoPlayButton" time="0.0">
    <ignored/>
  </testcase> <!-- aboutAsVideoPlayButton -->
  <testcase classname="com.test.HomePageTestCases" name="aboutAsVideoFullScreen" time="0.0">
    <ignored/>
  </testcase> <!-- aboutAsVideoFullScreen -->
  <testcase classname="com.test.HomePageTestCases" name="loginWithValidUserNameInvalidPassword" time="0.0">
    <ignored/>
  </testcase> <!-- loginWithValidUserNameInvalidPassword -->
  <testcase classname="com.test.HomePageTestCases" name="aboutAsVideoPouseButton" time="0.0">
    <ignored/>
  </testcase> <!-- aboutAsVideoPouseButton -->
  <testcase classname="com.test.HomePageTestCases" name="signUpWithoutUserName" time="0.0">
    <ignored/>
  </testcase> <!-- signUpWithoutUserName -->
  <testcase classname="com.test.HomePageTestCases" name="signUpWithoutPassword" time="0.0">
    <ignored/>
  </testcase> <!-- signUpWithoutPassword -->
  <testcase classname="com.test.HomePageTestCases" name="loginWithDiffUserNameAndPassword" time="0.0">
    <ignored/>
  </testcase> <!-- loginWithDiffUserNameAndPassword -->
  <testcase classname="com.test.HomePageTestCases" name="addToCartFuntionlity" time="0.0">
    <ignored/>
  </testcase> <!-- addToCartFuntionlity -->
</testsuite> <!-- Default test -->
