<?xml version="1.0" encoding="UTF-8"?>
<!-- Generated by org.testng.reporters.JUnitXMLReporter -->
<testsuite ignored="15" hostname="DESKTOP-DHO6E3E" failures="1" tests="1" name="Test" time="10.963" errors="0" timestamp="2023-02-13T15:48:16 IST">
  <testcase classname="com.test.TestCases" name="signupWithExistingUsernameAndPassword" time="2.625">
    <failure type="org.openqa.selenium.NoAlertPresentException" message="no such alert
  (Session info: chrome=109.0.5414.121)
Build info: version: &amp;apos;4.7.2&amp;apos;, revision: &amp;apos;4d4020c3b7&amp;apos;
System info: os.name: &amp;apos;Windows 10&amp;apos;, os.arch: &amp;apos;amd64&amp;apos;, os.version: &amp;apos;10.0&amp;apos;, java.version: &amp;apos;17.0.5&amp;apos;
Driver info: org.openqa.selenium.chrome.ChromeDriver
Command: [61bb2a2fd420553280e94bf3266e983d, getAlertText {}]
Capabilities {acceptInsecureCerts: false, browserName: chrome, browserVersion: 109.0.5414.121, chrome: {chromedriverVersion: 109.0.5414.74 (e7c5703604da..., userDataDir: C:\Users\ASUS\AppData\Local...}, goog:chromeOptions: {debuggerAddress: localhost:58046}, networkConnectionEnabled: false, pageLoadStrategy: normal, platformName: WINDOWS, proxy: Proxy(), se:cdp: ws://localhost:58046/devtoo..., se:cdpVersion: 109.0.5414.121, setWindowRect: true, strictFileInteractability: false, timeouts: {implicit: 0, pageLoad: 300000, script: 30000}, unhandledPromptBehavior: dismiss and notify, webauthn:extension:credBlob: true, webauthn:extension:largeBlob: true, webauthn:virtualAuthenticators: true}
Session ID: 61bb2a2fd420553280e94bf3266e983d">
      <![CDATA[org.openqa.selenium.NoAlertPresentException: no such alert
  (Session info: chrome=109.0.5414.121)
Build info: version: '4.7.2', revision: '4d4020c3b7'
System info: os.name: 'Windows 10', os.arch: 'amd64', os.version: '10.0', java.version: '17.0.5'
Driver info: org.openqa.selenium.chrome.ChromeDriver
Command: [61bb2a2fd420553280e94bf3266e983d, getAlertText {}]
Capabilities {acceptInsecureCerts: false, browserName: chrome, browserVersion: 109.0.5414.121, chrome: {chromedriverVersion: 109.0.5414.74 (e7c5703604da..., userDataDir: C:\Users\ASUS\AppData\Local...}, goog:chromeOptions: {debuggerAddress: localhost:58046}, networkConnectionEnabled: false, pageLoadStrategy: normal, platformName: WINDOWS, proxy: Proxy(), se:cdp: ws://localhost:58046/devtoo..., se:cdpVersion: 109.0.5414.121, setWindowRect: true, strictFileInteractability: false, timeouts: {implicit: 0, pageLoad: 300000, script: 30000}, unhandledPromptBehavior: dismiss and notify, webauthn:extension:credBlob: true, webauthn:extension:largeBlob: true, webauthn:virtualAuthenticators: true}
Session ID: 61bb2a2fd420553280e94bf3266e983d
at org.openqa.selenium.remote.codec.w3c.W3CHttpResponseCodec.createException(W3CHttpResponseCodec.java:200)
at org.openqa.selenium.remote.codec.w3c.W3CHttpResponseCodec.decode(W3CHttpResponseCodec.java:133)
at org.openqa.selenium.remote.codec.w3c.W3CHttpResponseCodec.decode(W3CHttpResponseCodec.java:53)
at org.openqa.selenium.remote.HttpCommandExecutor.execute(HttpCommandExecutor.java:184)
at org.openqa.selenium.remote.service.DriverCommandExecutor.invokeExecute(DriverCommandExecutor.java:167)
at org.openqa.selenium.remote.service.DriverCommandExecutor.execute(DriverCommandExecutor.java:142)
at org.openqa.selenium.remote.RemoteWebDriver.execute(RemoteWebDriver.java:535)
at org.openqa.selenium.remote.RemoteWebDriver.execute(RemoteWebDriver.java:590)
at org.openqa.selenium.remote.RemoteWebDriver.execute(RemoteWebDriver.java:594)
at org.openqa.selenium.remote.RemoteWebDriver$RemoteTargetLocator.alert(RemoteWebDriver.java:1072)
at com.wrapper.Wrapper.dismissAlert(Wrapper.java:117)
at com.page.SignUp.clickSignUp(SignUp.java:67)
at com.test.TestCases.signupWithExistingUsernameAndPassword(TestCases.java:78)
at java.base/java.util.ArrayList.forEach(ArrayList.java:1511)
... Removed 32 stack frames]]>
    </failure>
  </testcase> <!-- signupWithExistingUsernameAndPassword -->
  <testcase classname="com.test.TestCases" name="URLAccess" time="0.0">
    <ignored/>
  </testcase> <!-- URLAccess -->
  <testcase classname="com.test.TestCases" name="AboutUsButtonClick" time="0.0">
    <ignored/>
  </testcase> <!-- AboutUsButtonClick -->
  <testcase classname="com.test.TestCases" name="AboutUsCloseButtonFunctionality" time="0.0">
    <ignored/>
  </testcase> <!-- AboutUsCloseButtonFunctionality -->
  <testcase classname="com.test.TestCases" name="ContactByGivingValidData" time="0.0">
    <ignored/>
  </testcase> <!-- ContactByGivingValidData -->
  <testcase classname="com.test.TestCases" name="LoginWithValidUserNameAndPassword" time="0.0">
    <ignored/>
  </testcase> <!-- LoginWithValidUserNameAndPassword -->
  <testcase classname="com.test.TestCases" name="ContactByGivingInvalidData" time="0.0">
    <ignored/>
  </testcase> <!-- ContactByGivingInvalidData -->
  <testcase classname="com.test.TestCases" name="LoginWithInvalidUserNameAndInvalidPassword" time="0.0">
    <ignored/>
  </testcase> <!-- LoginWithInvalidUserNameAndInvalidPassword -->
  <testcase classname="com.test.TestCases" name="LoginWithValidUserNameAndInvalidPassword" time="0.0">
    <ignored/>
  </testcase> <!-- LoginWithValidUserNameAndInvalidPassword -->
  <testcase classname="com.test.TestCases" name="SignUpWithPasswordOnly" time="0.0">
    <ignored/>
  </testcase> <!-- SignUpWithPasswordOnly -->
  <testcase classname="com.test.TestCases" name="SignUpWithUserNameOnly" time="0.0">
    <ignored/>
  </testcase> <!-- SignUpWithUserNameOnly -->
  <testcase classname="com.test.TestCases" name="SelectingCategories" time="0.0">
    <ignored/>
  </testcase> <!-- SelectingCategories -->
  <testcase classname="com.test.TestCases" name="AddToCart" time="0.0">
    <ignored/>
  </testcase> <!-- AddToCart -->
  <testcase classname="com.test.TestCases" name="LoginWithInvalidUserNameAndValidPassword" time="0.0">
    <ignored/>
  </testcase> <!-- LoginWithInvalidUserNameAndValidPassword -->
  <testcase classname="com.test.TestCases" name="ContactButtonClick" time="0.0">
    <ignored/>
  </testcase> <!-- ContactButtonClick -->
  <testcase classname="com.test.TestCases" name="PlayButtonFunctionality" time="0.0">
    <ignored/>
  </testcase> <!-- PlayButtonFunctionality -->
</testsuite> <!-- Test -->
