<!DOCTYPE html PUBLIC "-//W3C//DTD XHTML 1.1//EN" "https://www.w3.org/TR/xhtml11/DTD/xhtml11.dtd">
<html xmlns="https://www.w3.org/1999/xhtml">
<head>
<meta http-equiv="content-type" content="text/html; charset=UTF-8"/>
<title>TestNG Report</title>
<style type="text/css">table {margin-bottom:10px;border-collapse:collapse;empty-cells:show}th,td {border:1px solid #009;padding:.25em .5em}th {vertical-align:bottom}td {vertical-align:top}table a {font-weight:bold}.stripe td {background-color: #E6EBF9}.num {text-align:right}.passedodd td {background-color: #3F3}.passedeven td {background-color: #0A0}.skippedodd td {background-color: #DDD}.skippedeven td {background-color: #CCC}.failedodd td,.attn {background-color: #F33}.failedeven td,.stripe .attn {background-color: #D00}.stacktrace {white-space:pre;font-family:monospace}.totop {font-size:85%;text-align:center;border-bottom:2px solid #000}.invisible {display:none}</style>
</head>
<body>
<table>
<tr><th>Test</th><th># Passed</th><th># Skipped</th><th># Retried</th><th># Failed</th><th>Time (ms)</th><th>Included Groups</th><th>Excluded Groups</th></tr>
<tr><th colspan="8">Suite</th></tr>
<tr><td><a href="#t0">AshlyTest</a></td><td class="num">17</td><td class="num">0</td><td class="num">0</td><td class="num attn">4</td><td class="num">77,253</td><td></td><td></td></tr>
</table>
<table id='summary'><thead><tr><th>Class</th><th>Method</th><th>Start</th><th>Time (ms)</th></tr></thead><tbody><tr><th colspan="4">Suite</th></tr></tbody><tbody id="t0"><tr><th colspan="4">AshlyTest &#8212; failed</th></tr><tr class="failedeven"><td rowspan="2">com.test.DBTestCases</td><td><a href="#m0">checkAboutUsAccess</a></td><td rowspan="1">1676382263738</td><td rowspan="1">1324</td></tr><tr class="failedeven"><td><a href="#m1">checkContactMsgWthInValidData</a></td><td rowspan="1">1676382273510</td><td rowspan="1">10570</td></tr><tr class="failedodd"><td rowspan="1">com.test.PaymentTestCases</td><td><a href="#m2">verifyValidCustomerLogout</a></td><td rowspan="1">1676382324694</td><td rowspan="1">1459</td></tr><tr class="failedeven"><td rowspan="1">com.test.SignUpTestCases</td><td><a href="#m3">verifyValidSignUp</a></td><td rowspan="1">1676382289697</td><td rowspan="1">12922</td></tr><tr><th colspan="4">AshlyTest &#8212; passed</th></tr><tr class="passedeven"><td rowspan="2">com.test.CartTestCases</td><td><a href="#m4">verifyAddedProducts</a></td><td rowspan="1">1676382319488</td><td rowspan="1">778</td></tr><tr class="passedeven"><td><a href="#m5">verifyCartAccess</a></td><td rowspan="1">1676382316596</td><td rowspan="1">2889</td></tr><tr class="passedodd"><td rowspan="8">com.test.DBTestCases</td><td><a href="#m6">checkContactAccess</a></td><td rowspan="1">1676382268422</td><td rowspan="1">1411</td></tr><tr class="passedodd"><td><a href="#m7">checkContactMsgWthValidData</a></td><td rowspan="1">1676382269848</td><td rowspan="1">3655</td></tr><tr class="passedodd"><td><a href="#m8">checkVideoCloseAboutUs</a></td><td rowspan="1">1676382266654</td><td rowspan="1">1748</td></tr><tr class="passedodd"><td><a href="#m9">checkVideoFullscreenAboutUs</a></td><td rowspan="1">1676382265946</td><td rowspan="1">703</td></tr><tr class="passedodd"><td><a href="#m10">checkVideoPauseAboutUs</a></td><td rowspan="1">1676382265750</td><td rowspan="1">188</td></tr><tr class="passedodd"><td><a href="#m11">checkVideoPlayAboutUs</a></td><td rowspan="1">1676382265072</td><td rowspan="1">674</td></tr><tr class="passedodd"><td><a href="#m12">verifyLogo</a></td><td rowspan="1">1676382263349</td><td rowspan="1">383</td></tr><tr class="passedodd"><td><a href="#m13">verifyTitle</a></td><td rowspan="1">1676382263301</td><td rowspan="1">33</td></tr><tr class="passedeven"><td rowspan="2">com.test.LogInTestCases</td><td><a href="#m14">clickOnLoginButton</a></td><td rowspan="1">1676382302794</td><td rowspan="1">2370</td></tr><tr class="passedeven"><td><a href="#m15">userNameVerification</a></td><td rowspan="1">1676382305170</td><td rowspan="1">5811</td></tr><tr class="passedodd"><td rowspan="2">com.test.PaymentTestCases</td><td><a href="#m16">verifyPlacingOrder</a></td><td rowspan="1">1676382320303</td><td rowspan="1">852</td></tr><tr class="passedodd"><td><a href="#m17">verifyValidCustomer</a></td><td rowspan="1">1676382321174</td><td rowspan="1">3516</td></tr><tr class="passedeven"><td rowspan="2">com.test.ProductTestCases</td><td><a href="#m18">checkAddToCart</a></td><td rowspan="1">1676382314975</td><td rowspan="1">1600</td></tr><tr class="passedeven"><td><a href="#m19">verifyProductAccess</a></td><td rowspan="1">1676382311022</td><td rowspan="1">3950</td></tr><tr class="passedodd"><td rowspan="1">com.test.SignUpTestCases</td><td><a href="#m20">verifySignUpAccess</a></td><td rowspan="1">1676382284225</td><td rowspan="1">1222</td></tr></tbody>
</table>
<h2>AshlyTest</h2><h3 id="m0">com.test.DBTestCases#checkAboutUsAccess</h3><table class="result"><tr><th>Exception</th></tr><tr><td><div class="stacktrace">java.lang.AssertionError: About us page is not as expected - Assert Failed expected [About us] but found []
	at com.test.DBTestCases.checkAboutUsAccess(DBTestCases.java:54)
	at java.base/java.util.ArrayList.forEach(ArrayList.java:1511)
... Removed 32 stack frames</div></td></tr></table><p class="totop"><a href="#summary">back to summary</a></p>
<h3 id="m1">com.test.DBTestCases#checkContactMsgWthInValidData</h3><table class="result"><tr class="param"><th>Parameter #1</th><th>Parameter #2</th><th>Parameter #3</th></tr><tr class="param stripe"><td></td><td></td><td></td></tr><tr><th colspan="3">Exception</th></tr><tr><td colspan="3"><div class="stacktrace">org.openqa.selenium.TimeoutException: Expected condition failed: waiting for element to be clickable: [[ChromeDriver: chrome on WINDOWS (4962d6e97e9563786ee07da26abe92f1)] -&gt; id: recipient-email] (tried for 10 second(s) with 500 milliseconds interval)
Build info: version: &apos;4.7.2&apos;, revision: &apos;4d4020c3b7&apos;
System info: os.name: &apos;Windows 10&apos;, os.arch: &apos;amd64&apos;, os.version: &apos;10.0&apos;, java.version: &apos;17.0.5&apos;
Driver info: org.openqa.selenium.chrome.ChromeDriver
Capabilities {acceptInsecureCerts: false, browserName: chrome, browserVersion: 109.0.5414.122, chrome: {chromedriverVersion: 109.0.5414.74 (e7c5703604da..., userDataDir: C:\Users\Lenovo\AppData\Loc...}, goog:chromeOptions: {debuggerAddress: localhost:61349}, networkConnectionEnabled: false, pageLoadStrategy: normal, platformName: WINDOWS, proxy: Proxy(), se:cdp: ws://localhost:61349/devtoo..., se:cdpVersion: 109.0.5414.122, setWindowRect: true, strictFileInteractability: false, timeouts: {implicit: 0, pageLoad: 300000, script: 30000}, unhandledPromptBehavior: dismiss and notify, webauthn:extension:credBlob: true, webauthn:extension:largeBlob: true, webauthn:virtualAuthenticators: true}
Session ID: 4962d6e97e9563786ee07da26abe92f1
	at org.openqa.selenium.support.ui.WebDriverWait.timeoutException(WebDriverWait.java:87)
	at org.openqa.selenium.support.ui.FluentWait.until(FluentWait.java:231)
	at com.wrapper.Wrapper.waitForElement(Wrapper.java:90)
	at com.page.HomePage.contactMsgEnterMail(HomePage.java:72)
	at com.test.DBTestCases.checkContactMsgWthInValidData(DBTestCases.java:95)
	at java.base/java.util.ArrayList.forEach(ArrayList.java:1511)
... Removed 27 stack frames</div></td></tr></table><p class="totop"><a href="#summary">back to summary</a></p>
<h3 id="m2">com.test.PaymentTestCases#verifyValidCustomerLogout</h3><table class="result"><tr><th>Exception</th></tr><tr><td><div class="stacktrace">org.openqa.selenium.ElementClickInterceptedException: element click intercepted: Element &lt;a class=&quot;nav-link&quot; href=&quot;#&quot; style=&quot;display: block;&quot; id=&quot;logout2&quot; onclick=&quot;logOut()&quot;&gt;...&lt;/a&gt; is not clickable at point (706, 37). Other element would receive the click: &lt;input type=&quot;text&quot; class=&quot;form-control&quot; id=&quot;country&quot;&gt;
  (Session info: chrome=109.0.5414.122)
Build info: version: &apos;4.7.2&apos;, revision: &apos;4d4020c3b7&apos;
System info: os.name: &apos;Windows 10&apos;, os.arch: &apos;amd64&apos;, os.version: &apos;10.0&apos;, java.version: &apos;17.0.5&apos;
Driver info: org.openqa.selenium.chrome.ChromeDriver
Command: [4962d6e97e9563786ee07da26abe92f1, clickElement {id=97972f70-906b-4b0c-a3c1-d01cb38659dc}]
Capabilities {acceptInsecureCerts: false, browserName: chrome, browserVersion: 109.0.5414.122, chrome: {chromedriverVersion: 109.0.5414.74 (e7c5703604da..., userDataDir: C:\Users\Lenovo\AppData\Loc...}, goog:chromeOptions: {debuggerAddress: localhost:61349}, networkConnectionEnabled: false, pageLoadStrategy: normal, platformName: WINDOWS, proxy: Proxy(), se:cdp: ws://localhost:61349/devtoo..., se:cdpVersion: 109.0.5414.122, setWindowRect: true, strictFileInteractability: false, timeouts: {implicit: 0, pageLoad: 300000, script: 30000}, unhandledPromptBehavior: dismiss and notify, webauthn:extension:credBlob: true, webauthn:extension:largeBlob: true, webauthn:virtualAuthenticators: true}
Element: [[ChromeDriver: chrome on WINDOWS (4962d6e97e9563786ee07da26abe92f1)] -&gt; id: logout2]
Session ID: 4962d6e97e9563786ee07da26abe92f1
	at org.openqa.selenium.remote.codec.w3c.W3CHttpResponseCodec.createException(W3CHttpResponseCodec.java:200)
	at org.openqa.selenium.remote.codec.w3c.W3CHttpResponseCodec.decode(W3CHttpResponseCodec.java:133)
	at org.openqa.selenium.remote.codec.w3c.W3CHttpResponseCodec.decode(W3CHttpResponseCodec.java:53)
	at org.openqa.selenium.remote.HttpCommandExecutor.execute(HttpCommandExecutor.java:184)
	at org.openqa.selenium.remote.service.DriverCommandExecutor.invokeExecute(DriverCommandExecutor.java:167)
	at org.openqa.selenium.remote.service.DriverCommandExecutor.execute(DriverCommandExecutor.java:142)
	at org.openqa.selenium.remote.RemoteWebDriver.execute(RemoteWebDriver.java:535)
	at org.openqa.selenium.remote.RemoteWebElement.execute(RemoteWebElement.java:257)
	at org.openqa.selenium.remote.RemoteWebElement.click(RemoteWebElement.java:78)
	at org.openqa.selenium.support.pagefactory.internal.LocatingElementHandler.invoke(LocatingElementHandler.java:52)
	at jdk.proxy2/jdk.proxy2.$Proxy17.click(Unknown Source)
	at com.page.PaymentPage.clickLogOutButton(PaymentPage.java:73)
	at com.test.PaymentTestCases.verifyValidCustomerLogout(PaymentTestCases.java:46)
	at java.base/java.util.ArrayList.forEach(ArrayList.java:1511)
... Removed 35 stack frames</div></td></tr></table><p class="totop"><a href="#summary">back to summary</a></p>
<h3 id="m3">com.test.SignUpTestCases#verifyValidSignUp</h3><table class="result"><tr class="param"><th>Parameter #1</th><th>Parameter #2</th></tr><tr class="param stripe"><td>koil</td><td>test45</td></tr><tr><th colspan="2">Exception</th></tr><tr><td colspan="2"><div class="stacktrace">org.openqa.selenium.TimeoutException: Expected condition failed: waiting for element to be clickable: [[ChromeDriver: chrome on WINDOWS (4962d6e97e9563786ee07da26abe92f1)] -&gt; xpath: (//*[text()=&apos;Close&apos;])[2]] (tried for 10 second(s) with 500 milliseconds interval)
Build info: version: &apos;4.7.2&apos;, revision: &apos;4d4020c3b7&apos;
System info: os.name: &apos;Windows 10&apos;, os.arch: &apos;amd64&apos;, os.version: &apos;10.0&apos;, java.version: &apos;17.0.5&apos;
Driver info: org.openqa.selenium.chrome.ChromeDriver
Capabilities {acceptInsecureCerts: false, browserName: chrome, browserVersion: 109.0.5414.122, chrome: {chromedriverVersion: 109.0.5414.74 (e7c5703604da..., userDataDir: C:\Users\Lenovo\AppData\Loc...}, goog:chromeOptions: {debuggerAddress: localhost:61349}, networkConnectionEnabled: false, pageLoadStrategy: normal, platformName: WINDOWS, proxy: Proxy(), se:cdp: ws://localhost:61349/devtoo..., se:cdpVersion: 109.0.5414.122, setWindowRect: true, strictFileInteractability: false, timeouts: {implicit: 0, pageLoad: 300000, script: 30000}, unhandledPromptBehavior: dismiss and notify, webauthn:extension:credBlob: true, webauthn:extension:largeBlob: true, webauthn:virtualAuthenticators: true}
Session ID: 4962d6e97e9563786ee07da26abe92f1
	at org.openqa.selenium.support.ui.WebDriverWait.timeoutException(WebDriverWait.java:87)
	at org.openqa.selenium.support.ui.FluentWait.until(FluentWait.java:231)
	at com.wrapper.Wrapper.waitForElement(Wrapper.java:90)
	at com.page.SignUpPage.clickSignUpCloseButton(SignUpPage.java:44)
	at com.test.SignUpTestCases.verifyValidSignUp(SignUpTestCases.java:69)
	at java.base/java.util.ArrayList.forEach(ArrayList.java:1511)
... Removed 27 stack frames</div></td></tr></table><p class="totop"><a href="#summary">back to summary</a></p>
<h3 id="m4">com.test.CartTestCases#verifyAddedProducts</h3><table class="result"><tr><th class="invisible"/></tr></table><p class="totop"><a href="#summary">back to summary</a></p>
<h3 id="m5">com.test.CartTestCases#verifyCartAccess</h3><table class="result"><tr><th class="invisible"/></tr></table><p class="totop"><a href="#summary">back to summary</a></p>
<h3 id="m6">com.test.DBTestCases#checkContactAccess</h3><table class="result"><tr><th class="invisible"/></tr></table><p class="totop"><a href="#summary">back to summary</a></p>
<h3 id="m7">com.test.DBTestCases#checkContactMsgWthValidData</h3><table class="result"><tr class="param"><th>Parameter #1</th><th>Parameter #2</th><th>Parameter #3</th></tr><tr class="param stripe"><td>lal13@gmailcom</td><td>lal38</td><td>hai developer xyz546fgh message</td></tr></table><p class="totop"><a href="#summary">back to summary</a></p>
<h3 id="m8">com.test.DBTestCases#checkVideoCloseAboutUs</h3><table class="result"><tr><th class="invisible"/></tr></table><p class="totop"><a href="#summary">back to summary</a></p>
<h3 id="m9">com.test.DBTestCases#checkVideoFullscreenAboutUs</h3><table class="result"><tr><th class="invisible"/></tr></table><p class="totop"><a href="#summary">back to summary</a></p>
<h3 id="m10">com.test.DBTestCases#checkVideoPauseAboutUs</h3><table class="result"><tr><th class="invisible"/></tr></table><p class="totop"><a href="#summary">back to summary</a></p>
<h3 id="m11">com.test.DBTestCases#checkVideoPlayAboutUs</h3><table class="result"><tr><th class="invisible"/></tr></table><p class="totop"><a href="#summary">back to summary</a></p>
<h3 id="m12">com.test.DBTestCases#verifyLogo</h3><table class="result"><tr><th class="invisible"/></tr></table><p class="totop"><a href="#summary">back to summary</a></p>
<h3 id="m13">com.test.DBTestCases#verifyTitle</h3><table class="result"><tr><th class="invisible"/></tr></table><p class="totop"><a href="#summary">back to summary</a></p>
<h3 id="m14">com.test.LogInTestCases#clickOnLoginButton</h3><table class="result"><tr class="param"><th>Parameter #1</th><th>Parameter #2</th></tr><tr class="param stripe"><td>koil</td><td>test45</td></tr></table><p class="totop"><a href="#summary">back to summary</a></p>
<h3 id="m15">com.test.LogInTestCases#userNameVerification</h3><table class="result"><tr><th class="invisible"/></tr></table><p class="totop"><a href="#summary">back to summary</a></p>
<h3 id="m16">com.test.PaymentTestCases#verifyPlacingOrder</h3><table class="result"><tr><th class="invisible"/></tr></table><p class="totop"><a href="#summary">back to summary</a></p>
<h3 id="m17">com.test.PaymentTestCases#verifyValidCustomer</h3><table class="result"><tr class="param"><th>Parameter #1</th><th>Parameter #2</th><th>Parameter #3</th><th>Parameter #4</th><th>Parameter #5</th><th>Parameter #6</th></tr><tr class="param stripe"><td>Balu</td><td>Korea</td><td>lke</td><td>fre435</td><td>June</td><td>2015</td></tr></table><p class="totop"><a href="#summary">back to summary</a></p>
<h3 id="m18">com.test.ProductTestCases#checkAddToCart</h3><table class="result"><tr><th class="invisible"/></tr></table><p class="totop"><a href="#summary">back to summary</a></p>
<h3 id="m19">com.test.ProductTestCases#verifyProductAccess</h3><table class="result"><tr><th class="invisible"/></tr></table><p class="totop"><a href="#summary">back to summary</a></p>
<h3 id="m20">com.test.SignUpTestCases#verifySignUpAccess</h3><table class="result"><tr><th class="invisible"/></tr></table><p class="totop"><a href="#summary">back to summary</a></p>
</body>
</html>
