<?xml version="1.0" encoding="UTF-8"?>
<!-- Generated by org.testng.reporters.JUnitReportReporter -->
<testsuite hostname="DESKTOP-P4EV10B" failures="1" tests="20" name="com.test.HomePageLayerTestcases" time="180.609" errors="0" timestamp="2023-02-14T12:02:38 IST" skipped="0">
  <testcase classname="com.test.HomePageLayerTestcases" name="clickOnAboutus" time="4.710"/>
  <system-out/>
  <testcase classname="com.test.HomePageLayerTestcases" name="clickOnContactButton" time="8.136"/>
  <system-out/>
  <testcase classname="com.test.HomePageLayerTestcases" name="clickOnLaptop" time="2.613"/>
  <system-out/>
  <testcase classname="com.test.HomePageLayerTestcases" name="clickOnMonitor" time="4.756"/>
  <system-out/>
  <testcase classname="com.test.HomePageLayerTestcases" name="clickOnPhone" time="4.652">
    <failure message="expected [true] but found [false]" type="java.lang.AssertionError">
      <![CDATA[java.lang.AssertionError: expected [true] but found [false]
at org.testng.Assert.fail(Assert.java:110)
at org.testng.Assert.failNotEquals(Assert.java:1577)
at org.testng.Assert.assertTrue(Assert.java:56)
at org.testng.Assert.assertTrue(Assert.java:66)
at com.test.HomePageLayerTestcases.clickOnPhone(HomePageLayerTestcases.java:83)
at java.base/jdk.internal.reflect.DirectMethodHandleAccessor.invoke(DirectMethodHandleAccessor.java:104)
at java.base/java.lang.reflect.Method.invoke(Method.java:578)
at org.testng.internal.invokers.MethodInvocationHelper.invokeMethod(MethodInvocationHelper.java:139)
at org.testng.internal.invokers.TestInvoker.invokeMethod(TestInvoker.java:677)
at org.testng.internal.invokers.TestInvoker.invokeTestMethod(TestInvoker.java:221)
at org.testng.internal.invokers.MethodRunner.runInSequence(MethodRunner.java:50)
at org.testng.internal.invokers.TestInvoker$MethodInvocationAgent.invoke(TestInvoker.java:969)
at org.testng.internal.invokers.TestInvoker.invokeTestMethods(TestInvoker.java:194)
at org.testng.internal.invokers.TestMethodWorker.invokeTestMethods(TestMethodWorker.java:148)
at org.testng.internal.invokers.TestMethodWorker.run(TestMethodWorker.java:128)
at java.base/java.util.ArrayList.forEach(ArrayList.java:1511)
at org.testng.TestRunner.privateRun(TestRunner.java:829)
at org.testng.TestRunner.run(TestRunner.java:602)
at org.testng.SuiteRunner.runTest(SuiteRunner.java:437)
at org.testng.SuiteRunner.runSequentially(SuiteRunner.java:431)
at org.testng.SuiteRunner.privateRun(SuiteRunner.java:391)
at org.testng.SuiteRunner.run(SuiteRunner.java:330)
at org.testng.SuiteRunnerWorker.runSuite(SuiteRunnerWorker.java:52)
at org.testng.SuiteRunnerWorker.run(SuiteRunnerWorker.java:95)
at org.testng.TestNG.runSuitesSequentially(TestNG.java:1256)
at org.testng.TestNG.runSuitesLocally(TestNG.java:1176)
at org.testng.TestNG.runSuites(TestNG.java:1099)
at org.testng.TestNG.run(TestNG.java:1067)
at org.testng.remote.AbstractRemoteTestNG.run(AbstractRemoteTestNG.java:115)
at org.testng.remote.RemoteTestNG.initAndRun(RemoteTestNG.java:251)
at org.testng.remote.RemoteTestNG.main(RemoteTestNG.java:77)
]]>
    </failure>
  </testcase> <!-- clickOnPhone -->
  <system-out/>
  <testcase classname="com.test.HomePageLayerTestcases" name="clickToCart" time="6.941"/>
  <system-out/>
  <testcase classname="com.test.HomePageLayerTestcases" name="clickOnHome" time="5.504"/>
  <system-out/>
  <testcase classname="com.test.HomePageLayerTestcases" name="PlaceOrderPresent" time="6.675"/>
  <system-out/>
  <testcase classname="com.test.HomePageLayerTestcases" name="EmailAddressPresent" time="3.402"/>
  <system-out/>
  <testcase classname="com.test.HomePageLayerTestcases" name="PlaceOrderFields" time="8.631"/>
  <system-out/>
  <testcase classname="com.test.HomePageLayerTestcases" name="SignUpButtonValid" time="8.950"/>
  <system-out/>
  <testcase classname="com.test.HomePageLayerTestcases" name="SignUpButtonexisting" time="13.502"/>
  <system-out/>
  <testcase classname="com.test.HomePageLayerTestcases" name="SignUpWithUsername" time="9.262"/>
  <system-out/>
  <testcase classname="com.test.HomePageLayerTestcases" name="SignUpWithPassword" time="9.317"/>
  <system-out/>
  <testcase classname="com.test.HomePageLayerTestcases" name="SignUpWithBlankSpace" time="11.551"/>
  <system-out/>
  <testcase classname="com.test.HomePageLayerTestcases" name="ClickOnLogInButtonInvalid" time="17.483"/>
  <system-out/>
  <testcase classname="com.test.HomePageLayerTestcases" name="ClickOnLogInButtonInvalidCases" time="16.332"/>
  <system-out/>
  <testcase classname="com.test.HomePageLayerTestcases" name="ClickOnLogInButtonBlank" time="16.121"/>
  <system-out/>
  <testcase classname="com.test.HomePageLayerTestcases" name="ClickOnProduct" time="9.491"/>
  <system-out/>
  <testcase classname="com.test.HomePageLayerTestcases" name="AddProduct" time="12.580"/>
  <system-out/>
</testsuite> <!-- com.test.HomePageLayerTestcases -->
